2023-12-16 20:07:46,982 - INFO - Server started, listening on port 10001.
2023-12-16 20:07:46,982 - INFO - Press CTRL+C to stop.
2023-12-16 20:07:54,506 - ERROR - Exception calling application: 'b'
Traceback (most recent call last):
  File "/usr/local/lib/python3.10/dist-packages/grpc/_server.py", line 552, in _call_behavior
    response_or_iterator = behavior(argument, context)
  File "/home/hwang7355/SFS/test2/Server.py", line 29, in userLogout
    self.object.pop(request.token)
KeyError: 'b'
2023-12-16 20:08:00,124 - INFO - Server started, listening on port 10001.
2023-12-16 20:08:00,124 - INFO - Press CTRL+C to stop.
2023-12-16 20:09:07,486 - INFO - Server started, listening on port 10001.
2023-12-16 20:09:07,486 - INFO - Press CTRL+C to stop.
2023-12-16 20:09:12,485 - INFO - User a login.
2023-12-16 20:09:13,719 - INFO - User b login.
2023-12-16 20:09:52,866 - INFO - Room room1 created by.
2023-12-16 20:09:52,872 - INFO - Room room1 found.
2023-12-16 20:09:57,948 - INFO - Room room1 found.
2023-12-16 20:10:16,558 - INFO - Room room1 dismiss.
2023-12-16 20:10:17,549 - INFO - User b logoff.
2023-12-16 20:10:18,168 - INFO - User a logoff.
2023-12-16 20:20:10,060 - INFO - Server started, listening on port 10001.
2023-12-16 20:20:10,060 - INFO - Press CTRL+C to stop.
2023-12-16 20:20:17,402 - INFO - User a login.
2023-12-16 20:20:18,535 - INFO - User b login.
2023-12-16 20:21:30,953 - INFO - User b logoff.
2023-12-16 20:21:31,296 - INFO - User a logoff.
2023-12-16 20:51:23,872 - INFO - Server started, listening on port 10001.
2023-12-16 20:51:23,872 - INFO - Press CTRL+C to stop.
2023-12-16 20:51:30,999 - INFO - User a login.
2023-12-16 20:51:43,136 - INFO - User b login.
2023-12-16 20:52:05,073 - INFO - Room room1 created by.
2023-12-16 20:52:05,073 - INFO - Room room1 found.
2023-12-16 20:52:09,401 - INFO - Room room1 found.
2023-12-16 20:52:22,746 - INFO - User b logoff.
2023-12-16 20:52:23,161 - INFO - User a logoff.
2023-12-16 21:28:25,123 - INFO - Server started, listening on port 10001.
2023-12-16 21:28:25,123 - INFO - Press CTRL+C to stop.
2023-12-16 21:29:30,961 - INFO - Server started, listening on port 10001.
2023-12-16 21:29:30,961 - INFO - Press CTRL+C to stop.
2023-12-16 21:30:16,394 - INFO - User user1 login.
2023-12-16 21:30:18,516 - INFO - User user2 login.
2023-12-16 21:30:20,962 - INFO - User user2 login.
2023-12-16 21:30:23,471 - INFO - User user2 login.
2023-12-16 21:30:41,026 - INFO - User user2 logoff.
2023-12-16 21:30:44,561 - ERROR - Exception calling application: 'user2'
Traceback (most recent call last):
  File "/usr/local/lib/python3.10/dist-packages/grpc/_server.py", line 552, in _call_behavior
    response_or_iterator = behavior(argument, context)
  File "/home/hwang7355/SFS/test2/Server.py", line 29, in userLogout
    self.object.pop(request.token)
KeyError: 'user2'
2023-12-16 21:31:17,577 - INFO - Server started, listening on port 10001.
2023-12-16 21:31:17,577 - INFO - Press CTRL+C to stop.
2023-12-16 21:31:31,038 - INFO - User a login.
2023-12-16 21:31:32,476 - INFO - User b login.
2023-12-16 21:31:33,620 - INFO - User c login.
2023-12-16 21:31:34,646 - INFO - User d login.
2023-12-16 21:32:12,889 - INFO - User e login.
2023-12-16 21:34:19,341 - INFO - Room testroom created by.
2023-12-16 21:34:19,341 - INFO - Room testroom found.
2023-12-16 21:34:24,286 - INFO - Room testroom found.
2023-12-16 21:34:27,415 - INFO - Room testroom found.
2023-12-16 21:35:38,885 - INFO - Room testroom dismiss.
2023-12-16 21:39:07,787 - INFO - User c logoff.
2023-12-16 22:13:43,920 - INFO - User a logoff.
2023-12-16 22:13:44,479 - INFO - User b logoff.
2023-12-16 22:13:45,201 - INFO - User d logoff.
2023-12-16 22:13:45,729 - INFO - User e logoff.
2024-01-12 23:50:04,083 - INFO - Server started, listening on port 10001.
2024-01-12 23:50:04,083 - INFO - Press CTRL+C to stop.
2024-01-12 23:50:14,323 - INFO - User a login.
2024-01-12 23:50:20,765 - INFO - User a logoff.
2024-01-12 23:50:23,300 - INFO - User a login.
2024-01-12 23:50:32,581 - INFO - Room test created by.
2024-01-12 23:50:32,587 - INFO - Room test found.
2024-01-12 23:50:34,830 - INFO - User a logoff.
2024-01-12 23:50:54,169 - INFO - User hi login.
2024-01-12 23:50:57,592 - INFO - Room test found.
2024-01-12 23:50:58,608 - INFO - User hi logoff.
2024-01-13 00:08:55,373 - INFO - Server started, listening on port 10001.
2024-01-13 00:08:55,373 - INFO - Press CTRL+C to stop.
2024-01-13 00:09:07,759 - INFO - User a login.
2024-01-13 00:09:10,429 - INFO - Room test created by.
2024-01-13 00:09:10,429 - INFO - Room test found.
2024-01-13 00:10:15,456 - INFO - Room test dismiss.
2024-01-13 00:22:14,277 - INFO - User a logoff.
2024-01-13 00:22:17,250 - INFO - User a login.
2024-01-13 00:22:20,134 - INFO - Room hi created by.
2024-01-13 00:22:20,134 - INFO - Room hi found.
2024-01-13 00:22:51,736 - INFO - User a logoff.
2024-01-13 00:22:53,500 - INFO - User a login.
2024-01-13 00:22:56,103 - INFO - Room hi found.
2024-01-13 00:23:09,298 - INFO - User a logoff.
2024-01-13 00:23:24,517 - INFO - User a login.
2024-01-13 00:23:29,515 - INFO - Room hi found.
2024-01-13 00:23:31,622 - INFO - User a logoff.
2024-01-13 00:24:50,409 - INFO - User a login.
2024-01-13 00:24:52,433 - INFO - Room hi found.
2024-01-13 00:24:53,240 - INFO - User a logoff.
2024-01-13 00:25:25,346 - INFO - User a login.
2024-01-13 00:25:27,886 - INFO - Room hi found.
2024-01-13 00:25:28,732 - INFO - User a logoff.
2024-01-13 00:28:20,458 - INFO - Server started, listening on port 10001.
2024-01-13 00:28:20,458 - INFO - Press CTRL+C to stop.
2024-01-13 00:28:22,528 - INFO - User a login.
2024-01-13 00:28:25,090 - INFO - Room test created by.
2024-01-13 00:28:25,090 - INFO - Room test found.
2024-01-13 00:28:28,634 - INFO - Room test dismiss.
2024-01-13 00:36:56,987 - INFO - User a logoff.
2024-01-13 00:36:59,227 - INFO - User a login.
2024-01-13 00:37:01,285 - INFO - Room test created by.
2024-01-13 00:37:01,285 - INFO - Room test found.
2024-01-13 00:37:13,753 - INFO - Room test dismiss.
2024-01-13 00:37:16,081 - INFO - User a logoff.
2024-01-13 00:37:19,968 - INFO - User a login.
2024-01-13 00:37:22,838 - INFO - Room hi created by.
2024-01-13 00:37:22,839 - INFO - Room hi found.
2024-01-13 00:37:26,424 - INFO - Room hi dismiss.
2024-01-13 00:37:29,886 - INFO - Room test2 created by.
2024-01-13 00:37:29,886 - INFO - Room test2 found.
2024-01-13 00:37:50,306 - INFO - Room test2 dismiss.
2024-01-13 00:38:00,813 - INFO - User b login.
2024-01-13 00:38:37,703 - INFO - User a logoff.
2024-01-13 00:38:39,988 - INFO - User b logoff.
2024-01-13 00:39:36,026 - INFO - User a login.
2024-01-13 00:39:38,170 - INFO - Room test created by.
2024-01-13 00:39:38,170 - INFO - Room test found.
2024-01-13 00:39:54,487 - INFO - Room test dismiss.
2024-01-13 00:42:18,633 - INFO - User c login.
2024-01-13 00:43:46,514 - INFO - Room test2 created by.
2024-01-13 00:43:46,514 - INFO - Room test2 found.
2024-01-13 00:43:48,789 - INFO - Room test2 dismiss.
2024-01-13 00:46:34,279 - INFO - User a logoff.
2024-01-13 00:46:35,151 - INFO - User c logoff.
2024-01-13 00:46:40,465 - INFO - User a login.
2024-01-13 00:46:41,606 - INFO - User c login.
2024-01-13 00:47:51,786 - INFO - User a logoff.
2024-01-13 00:47:52,314 - INFO - User c logoff.
2024-01-13 10:47:56,919 - INFO - Server started, listening on port 10001.
2024-01-13 10:47:56,920 - INFO - Press CTRL+C to stop.
2024-01-13 10:48:17,659 - INFO - User a login.
2024-01-13 10:48:19,352 - INFO - User b login.
2024-01-13 10:55:40,404 - INFO - User a logoff.
2024-01-13 10:55:41,021 - INFO - User b logoff.
2024-01-13 10:55:43,822 - INFO - User a login.
2024-01-13 10:55:45,789 - INFO - User a logoff.
2024-01-13 10:57:17,087 - INFO - User a login.
2024-01-13 10:57:25,776 - INFO - Room hi created by.
2024-01-13 10:57:25,782 - INFO - Room hi found.
2024-01-13 10:57:35,173 - INFO - User a logoff.
2024-01-13 11:12:17,724 - INFO - User a login.
2024-01-13 11:12:21,431 - INFO - Room hi found.
2024-01-13 11:12:21,439 - INFO - User a logoff.
2024-01-13 11:13:02,283 - INFO - User a login.
2024-01-13 11:13:05,757 - INFO - Room hi found.
2024-01-13 11:13:05,779 - INFO - User a logoff.
2024-01-13 11:21:53,183 - INFO - User a login.
2024-01-13 11:21:57,468 - INFO - Room hi found.
2024-01-13 11:21:57,488 - INFO - User a logoff.
2024-01-13 11:22:12,496 - INFO - User a login.
2024-01-13 11:22:16,298 - INFO - Room hi found.
2024-01-13 11:22:16,314 - INFO - User a logoff.
2024-01-13 11:24:06,439 - INFO - User a login.
2024-01-13 11:24:09,069 - INFO - Room hi found.
2024-01-13 11:24:09,086 - INFO - User a logoff.
2024-01-13 11:24:24,279 - INFO - User a login.
2024-01-13 11:24:44,042 - INFO - Room hi found.
2024-01-13 11:24:49,447 - INFO - User a logoff.
2024-01-13 11:26:09,938 - INFO - Server started, listening on port 10001.
2024-01-13 11:26:09,938 - INFO - Press CTRL+C to stop.
2024-01-13 11:26:16,482 - INFO - User a login.
2024-01-13 11:26:18,314 - INFO - Room hi created by.
2024-01-13 11:26:18,325 - INFO - Room hi found.
2024-01-13 11:26:18,374 - INFO - User a logoff.
2024-01-13 11:26:29,101 - INFO - User a login.
2024-01-13 11:26:52,967 - INFO - Room hi found.
2024-01-13 11:27:17,952 - INFO - User a login.
2024-01-13 11:27:19,421 - INFO - Room hi found.
2024-01-13 11:27:20,236 - INFO - User a logoff.
2024-01-13 11:28:31,674 - INFO - User a login.
2024-01-13 11:28:34,283 - INFO - Room hi found.
2024-01-13 11:28:35,845 - INFO - User a logoff.
2024-01-13 11:28:43,587 - INFO - User a login.
2024-01-13 11:29:03,401 - INFO - Room hi found.
2024-01-13 11:30:44,076 - INFO - User a logoff.
2024-01-13 11:33:50,845 - INFO - User a login.
2024-01-13 11:33:52,724 - INFO - Room hi found.
2024-01-13 11:33:53,694 - INFO - User a logoff.
2024-01-13 11:34:13,146 - INFO - User a login.
2024-01-13 11:34:38,158 - INFO - Room hi found.
2024-01-13 11:38:20,495 - INFO - User a login.
2024-01-13 11:38:21,738 - INFO - Room hi found.
2024-01-13 11:38:22,505 - INFO - User a logoff.
2024-01-13 11:39:09,326 - INFO - User a login.
2024-01-13 11:39:11,472 - INFO - Room hi found.
2024-01-13 11:39:40,769 - INFO - User a login.
2024-01-13 11:39:42,086 - INFO - Room hi found.
2024-01-13 11:42:47,142 - INFO - User a login.
2024-01-13 11:42:49,430 - INFO - Room hi found.
2024-01-13 11:56:13,801 - INFO - Server started, listening on port 10001.
2024-01-13 11:56:13,801 - INFO - Press CTRL+C to stop.
2024-01-13 11:56:44,481 - INFO - User a login.
2024-01-13 11:56:45,992 - INFO - Room hi created by.
2024-01-13 11:56:45,992 - INFO - Room hi found.
2024-01-13 11:57:06,356 - INFO - User a logoff.
2024-01-13 11:57:26,168 - INFO - User a login.
2024-01-13 11:57:27,624 - INFO - Room hi found.
2024-01-13 11:58:11,642 - INFO - Room hi found.
2024-01-13 12:01:15,889 - INFO - User a logoff.
2024-01-13 12:01:17,718 - INFO - User a login.
2024-01-13 12:01:19,804 - INFO - Room hi found.
2024-01-13 12:01:20,889 - INFO - User a logoff.
2024-01-13 12:01:57,432 - INFO - User a login.
2024-01-13 12:01:59,296 - INFO - Room hi found.
2024-01-13 12:04:27,746 - INFO - User 1 login.
2024-01-13 12:04:31,052 - INFO - Room hi found.
2024-01-13 12:06:10,357 - INFO - User a login.
2024-01-13 12:06:11,684 - INFO - Room hi found.
2024-01-13 12:06:42,318 - INFO - User a login.
2024-01-13 12:06:43,486 - INFO - Room hi found.
2024-01-13 12:07:47,086 - INFO - User a login.
2024-01-13 12:07:48,571 - INFO - Room hi found.
2024-01-13 12:07:49,076 - INFO - User a logoff.
2024-01-13 12:08:30,346 - INFO - User a login.
2024-01-13 12:08:31,927 - INFO - Room hi found.
2024-01-13 12:08:42,551 - INFO - Server started, listening on port 10001.
2024-01-13 12:08:42,551 - INFO - Press CTRL+C to stop.
2024-01-13 12:08:45,672 - INFO - User a login.
2024-01-13 12:08:46,734 - INFO - Room hi created by.
2024-01-13 12:08:46,734 - INFO - Room hi found.
2024-01-13 12:09:51,171 - INFO - User 1 login.
2024-01-13 12:09:56,122 - INFO - Room hi found.
2024-01-13 12:10:06,231 - INFO - Server started, listening on port 10001.
2024-01-13 12:10:06,232 - INFO - Press CTRL+C to stop.
2024-01-13 12:10:10,090 - INFO - User 1 login.
2024-01-13 12:10:11,946 - INFO - Room hi created by.
2024-01-13 12:10:11,952 - INFO - Room hi found.
2024-01-13 12:11:21,125 - INFO - User a login.
2024-01-13 12:11:24,153 - INFO - Room hi found.
2024-01-13 12:13:40,964 - INFO - User a login.
2024-01-13 12:13:45,353 - INFO - User b login.
2024-01-13 12:15:50,996 - INFO - User test login.
2024-01-13 12:15:58,220 - INFO - Room testroom created by.
2024-01-13 12:15:58,220 - INFO - Room testroom found.
2024-01-13 12:16:01,771 - INFO - Room testroom found.
2024-01-13 12:16:05,405 - INFO - Room testroom found.
2024-01-13 12:19:55,444 - INFO - Room testroom dismiss.
2024-01-13 12:23:32,859 - INFO - Server started, listening on port 10001.
2024-01-13 12:23:32,859 - INFO - Press CTRL+C to stop.
2024-01-13 12:23:50,992 - INFO - User a login.
2024-01-13 12:23:52,716 - INFO - User b login.
2024-01-13 12:24:30,578 - INFO - Room a found.
2024-01-13 12:25:30,813 - INFO - Room a found.
2024-01-13 15:25:20,138 - INFO - Server started, listening on port 10001.
2024-01-13 15:25:20,138 - INFO - Press CTRL+C to stop.
2024-01-13 15:25:25,267 - INFO - User a login.
2024-01-13 15:25:30,496 - INFO - Room hi created by.
2024-01-13 15:25:30,507 - INFO - Room hi found.
2024-01-13 15:26:08,877 - INFO - User a login.
2024-01-13 15:26:10,092 - INFO - Room hi found.
2024-01-13 15:28:50,917 - INFO - Server started, listening on port 10001.
2024-01-13 15:28:50,917 - INFO - Press CTRL+C to stop.
2024-01-13 15:28:53,312 - INFO - Server started, listening on port 10001.
2024-01-13 15:28:53,312 - INFO - Press CTRL+C to stop.
2024-01-13 15:28:55,942 - INFO - User a login.
2024-01-13 15:28:57,092 - INFO - Room hi created by.
2024-01-13 15:28:57,092 - INFO - Room hi found.
2024-01-13 15:29:07,911 - INFO - User a login.
2024-01-13 15:29:09,446 - INFO - Room hi found.
2024-01-13 15:29:22,192 - INFO - User a login.
2024-01-13 15:29:23,472 - INFO - Room hi found.
2024-01-13 15:29:29,232 - INFO - Server started, listening on port 10001.
2024-01-13 15:29:29,232 - INFO - Press CTRL+C to stop.
2024-01-13 15:29:32,962 - INFO - User a login.
2024-01-13 15:29:34,115 - INFO - Room hi created by.
2024-01-13 15:29:34,128 - INFO - Room hi found.
2024-01-13 15:31:24,389 - INFO - User a login.
2024-01-13 15:31:25,559 - INFO - Room hi found.
2024-01-13 15:31:30,276 - INFO - Server started, listening on port 10001.
2024-01-13 15:31:30,276 - INFO - Press CTRL+C to stop.
2024-01-13 15:31:32,848 - INFO - User a login.
2024-01-13 15:31:34,533 - INFO - Room hi created by.
2024-01-13 15:31:34,533 - INFO - Room hi found.
2024-01-13 15:32:15,680 - INFO - User a login.
2024-01-13 15:32:17,327 - INFO - Room hi found.
2024-01-13 15:32:22,863 - INFO - Server started, listening on port 10001.
2024-01-13 15:32:22,863 - INFO - Press CTRL+C to stop.
2024-01-13 15:32:26,434 - INFO - User a login.
2024-01-13 15:32:27,463 - INFO - Room hi created by.
2024-01-13 15:32:27,475 - INFO - Room hi found.
2024-01-13 15:33:05,568 - INFO - User a login.
2024-01-13 15:33:06,909 - INFO - Room hi found.
2024-01-13 15:33:09,473 - INFO - Server started, listening on port 10001.
2024-01-13 15:33:09,473 - INFO - Press CTRL+C to stop.
2024-01-13 15:33:11,991 - INFO - User a login.
2024-01-13 15:33:12,802 - INFO - Room hi created by.
2024-01-13 15:33:12,809 - INFO - Room hi found.
2024-01-13 15:33:35,612 - INFO - User a login.
2024-01-13 15:33:37,037 - INFO - Room hi found.
2024-01-13 15:33:39,527 - INFO - Server started, listening on port 10001.
2024-01-13 15:33:39,527 - INFO - Press CTRL+C to stop.
2024-01-13 15:33:43,062 - INFO - User a login.
2024-01-13 15:33:44,036 - INFO - Room hi created by.
2024-01-13 15:33:44,037 - INFO - Room hi found.
2024-01-13 15:34:37,375 - INFO - User a login.
2024-01-13 15:34:38,495 - INFO - Room hi found.
2024-01-13 15:34:40,517 - INFO - Server started, listening on port 10001.
2024-01-13 15:34:40,518 - INFO - Press CTRL+C to stop.
2024-01-13 15:34:43,588 - INFO - User a login.
2024-01-13 15:34:44,345 - INFO - Room hi created by.
2024-01-13 15:34:44,345 - INFO - Room hi found.
2024-01-13 15:34:55,206 - INFO - Server started, listening on port 10001.
2024-01-13 15:34:55,206 - INFO - Press CTRL+C to stop.
2024-01-13 15:35:00,204 - INFO - User a login.
2024-01-13 15:35:01,009 - INFO - Room hi created by.
2024-01-13 15:35:01,009 - INFO - Room hi found.
2024-01-13 15:36:45,870 - INFO - Server started, listening on port 10001.
2024-01-13 15:36:45,870 - INFO - Press CTRL+C to stop.
2024-01-13 15:36:48,604 - INFO - User a login.
2024-01-13 15:36:49,808 - INFO - Room hi created by.
2024-01-13 15:36:49,808 - INFO - Room hi found.
2024-01-13 15:37:28,608 - INFO - Server started, listening on port 10001.
2024-01-13 15:37:28,609 - INFO - Press CTRL+C to stop.
2024-01-13 15:37:30,995 - INFO - User a login.
2024-01-13 15:37:32,465 - INFO - Room hi created by.
2024-01-13 15:37:32,465 - INFO - Room hi found.
2024-01-13 15:38:33,481 - INFO - Server started, listening on port 10001.
2024-01-13 15:38:33,481 - INFO - Press CTRL+C to stop.
2024-01-13 15:38:36,519 - INFO - User a login.
2024-01-13 15:38:37,494 - INFO - Room hi created by.
2024-01-13 15:38:37,494 - INFO - Room hi found.
2024-01-13 15:41:11,026 - INFO - Server started, listening on port 10001.
2024-01-13 15:41:11,026 - INFO - Press CTRL+C to stop.
2024-01-13 15:41:13,589 - INFO - User a login.
2024-01-13 15:41:14,688 - INFO - Room hi created by.
2024-01-13 15:41:14,688 - INFO - Room hi found.
2024-01-13 15:41:32,918 - INFO - User a login.
2024-01-13 15:41:33,744 - INFO - Room hi found.
2024-01-13 15:41:36,412 - INFO - Server started, listening on port 10001.
2024-01-13 15:41:36,413 - INFO - Press CTRL+C to stop.
2024-01-13 15:41:40,735 - INFO - User a login.
2024-01-13 15:41:41,432 - INFO - Room hi created by.
2024-01-13 15:41:41,433 - INFO - Room hi found.
2024-01-13 15:42:06,439 - INFO - User a login.
2024-01-13 15:42:10,314 - INFO - Room hi found.
2024-01-13 15:42:12,928 - INFO - Server started, listening on port 10001.
2024-01-13 15:42:12,928 - INFO - Press CTRL+C to stop.
2024-01-13 15:42:15,630 - INFO - User a login.
2024-01-13 15:42:16,923 - INFO - Room hi created by.
2024-01-13 15:42:16,923 - INFO - Room hi found.
2024-01-13 15:42:42,342 - INFO - Server started, listening on port 10001.
2024-01-13 15:42:42,342 - INFO - Press CTRL+C to stop.
2024-01-13 15:42:45,291 - INFO - User a login.
2024-01-13 15:42:48,152 - INFO - Room hi created by.
2024-01-13 15:42:48,164 - INFO - Room hi found.
2024-01-13 15:43:04,011 - INFO - User b login.
2024-01-13 15:43:06,021 - INFO - Room hi found.
2024-01-13 15:44:58,409 - INFO - Server started, listening on port 10001.
2024-01-13 15:44:58,409 - INFO - Press CTRL+C to stop.
2024-01-13 15:45:02,797 - INFO - User a login.
2024-01-13 15:45:03,851 - INFO - Room hi created by.
2024-01-13 15:45:03,851 - INFO - Room hi found.
2024-01-13 15:45:06,121 - INFO - User b login.
2024-01-13 15:45:07,595 - INFO - Room hi found.
2024-01-13 15:54:15,581 - INFO - Server started, listening on port 10001.
2024-01-13 15:54:15,581 - INFO - Press CTRL+C to stop.
2024-01-13 15:54:20,187 - INFO - User a login.
2024-01-13 15:54:21,512 - INFO - Room hi created by.
2024-01-13 15:54:21,513 - INFO - Room hi found.
2024-01-13 15:54:23,933 - INFO - User b login.
2024-01-13 15:54:25,597 - INFO - Room hi found.
2024-01-13 15:54:50,032 - INFO - Server started, listening on port 10001.
2024-01-13 15:54:50,033 - INFO - Press CTRL+C to stop.
2024-01-13 15:54:52,310 - INFO - User a login.
2024-01-13 15:54:53,111 - INFO - Room hi created by.
2024-01-13 15:54:53,112 - INFO - Room hi found.
2024-01-13 15:55:06,963 - INFO - User a login.
2024-01-13 15:55:08,090 - INFO - Room hi found.
2024-01-13 15:56:44,853 - INFO - Server started, listening on port 10001.
2024-01-13 15:56:44,853 - INFO - Press CTRL+C to stop.
2024-01-13 15:56:46,848 - INFO - User a login.
2024-01-13 15:56:47,764 - INFO - Room hi created by.
2024-01-13 15:56:47,765 - INFO - Room hi found.
2024-01-13 15:58:35,949 - INFO - Server started, listening on port 10001.
2024-01-13 15:58:35,949 - INFO - Press CTRL+C to stop.
2024-01-13 15:58:38,196 - INFO - User a login.
2024-01-13 15:58:39,156 - INFO - Room hi created by.
2024-01-13 15:58:39,157 - INFO - Room hi found.
2024-01-13 15:58:45,223 - INFO - Server started, listening on port 10001.
2024-01-13 15:58:45,223 - INFO - Press CTRL+C to stop.
2024-01-13 15:58:47,588 - INFO - User a login.
2024-01-13 15:58:48,416 - INFO - Room hi created by.
2024-01-13 15:58:48,416 - INFO - Room hi found.
2024-01-13 15:59:58,067 - INFO - Server started, listening on port 10001.
2024-01-13 15:59:58,067 - INFO - Press CTRL+C to stop.
2024-01-13 16:00:00,179 - INFO - User a login.
2024-01-13 16:00:00,949 - INFO - Room hi created by.
2024-01-13 16:00:00,949 - INFO - Room hi found.
2024-01-13 16:03:12,873 - INFO - Server started, listening on port 10001.
2024-01-13 16:03:12,874 - INFO - Press CTRL+C to stop.
2024-01-13 16:03:20,555 - INFO - User a login.
2024-01-13 16:03:21,685 - INFO - Room hi created by.
2024-01-13 16:03:21,686 - INFO - Room hi found.
2024-01-13 16:04:01,847 - INFO - User b login.
2024-01-13 16:04:04,404 - INFO - Room hi found.
2024-01-13 16:04:49,054 - INFO - User b login.
2024-01-13 16:04:50,129 - INFO - Room hi found.
2024-01-13 16:04:56,355 - INFO - Server started, listening on port 10001.
2024-01-13 16:04:56,355 - INFO - Press CTRL+C to stop.
2024-01-13 16:04:58,819 - INFO - User b login.
2024-01-13 16:04:59,981 - INFO - Room hi created by.
2024-01-13 16:04:59,981 - INFO - Room hi found.
2024-01-13 16:05:54,038 - INFO - Server started, listening on port 10001.
2024-01-13 16:05:54,039 - INFO - Press CTRL+C to stop.
2024-01-13 16:05:56,904 - INFO - User a login.
2024-01-13 16:05:58,602 - INFO - Room hi created by.
2024-01-13 16:05:58,603 - INFO - Room hi found.
2024-01-13 16:06:34,355 - INFO - Server started, listening on port 10001.
2024-01-13 16:06:34,355 - INFO - Press CTRL+C to stop.
2024-01-13 16:07:02,726 - INFO - User a login.
2024-01-13 16:07:35,762 - INFO - Room hi created by.
2024-01-13 16:07:35,762 - INFO - Room hi found.
2024-01-13 16:14:21,306 - INFO - Server started, listening on port 10001.
2024-01-13 16:14:21,306 - INFO - Press CTRL+C to stop.
2024-01-13 16:14:23,650 - INFO - User a login.
2024-01-13 16:14:24,439 - INFO - Room hi created by.
2024-01-13 16:14:24,439 - INFO - Room hi found.
2024-01-13 16:14:54,661 - INFO - Room hi dismiss.
2024-01-13 16:14:57,976 - INFO - Room hi created by.
2024-01-13 16:14:57,981 - INFO - Room hi found.
2024-01-13 16:15:53,284 - INFO - Server started, listening on port 10001.
2024-01-13 16:15:53,285 - INFO - Press CTRL+C to stop.
2024-01-13 16:15:56,418 - INFO - User a login.
2024-01-13 16:15:57,974 - INFO - Room hi created by.
2024-01-13 16:15:57,986 - INFO - Room hi found.
2024-01-13 16:16:23,525 - INFO - Room hi dismiss.
2024-01-13 16:16:25,347 - INFO - Room hi created by.
2024-01-13 16:16:25,348 - INFO - Room hi found.
2024-01-13 16:17:35,536 - INFO - Server started, listening on port 10001.
2024-01-13 16:17:35,536 - INFO - Press CTRL+C to stop.
2024-01-13 16:17:37,636 - INFO - User a login.
2024-01-13 16:17:38,419 - INFO - Room hi created by.
2024-01-13 16:17:38,420 - INFO - Room hi found.
2024-01-13 16:18:00,948 - INFO - Server started, listening on port 10001.
2024-01-13 16:18:00,948 - INFO - Press CTRL+C to stop.
2024-01-13 16:18:03,079 - INFO - User a login.
2024-01-13 16:18:04,331 - INFO - Room hi created by.
2024-01-13 16:18:04,345 - INFO - Room hi found.
2024-01-13 16:18:12,484 - INFO - Room hi dismiss.
2024-01-13 16:18:13,999 - INFO - Room hi created by.
2024-01-13 16:18:14,000 - INFO - Room hi found.
2024-01-13 16:18:32,844 - INFO - Room hi dismiss.
2024-01-13 16:18:35,012 - INFO - Room hi created by.
2024-01-13 16:18:35,013 - INFO - Room hi found.
2024-01-13 16:19:00,775 - INFO - User b login.
2024-01-13 16:19:13,272 - INFO - Room hi found.
2024-01-13 16:20:32,526 - INFO - Server started, listening on port 10001.
2024-01-13 16:20:32,527 - INFO - Press CTRL+C to stop.
2024-01-13 16:20:36,181 - INFO - User a login.
2024-01-13 16:20:38,012 - INFO - Room hi created by.
2024-01-13 16:20:38,024 - INFO - Room hi found.
2024-01-13 16:20:49,795 - INFO - User b login.
2024-01-13 16:20:51,534 - INFO - Room hi found.
2024-01-13 16:21:24,179 - INFO - Server started, listening on port 10001.
2024-01-13 16:21:24,179 - INFO - Press CTRL+C to stop.
2024-01-13 16:21:28,547 - INFO - User a login.
2024-01-13 16:21:32,166 - INFO - Room hi created by.
2024-01-13 16:21:32,166 - INFO - Room hi found.
2024-01-13 16:21:52,600 - INFO - User bb login.
2024-01-13 16:21:59,117 - INFO - User b login.
2024-01-13 16:22:00,832 - INFO - Room hi found.
2024-01-13 16:24:10,564 - INFO - Server started, listening on port 10001.
2024-01-13 16:24:10,564 - INFO - Press CTRL+C to stop.
2024-01-13 16:24:13,132 - INFO - User a login.
2024-01-13 16:24:14,779 - INFO - Room hi created by.
2024-01-13 16:24:14,779 - INFO - Room hi found.
2024-01-13 16:24:41,875 - INFO - User b login.
2024-01-13 16:24:43,284 - INFO - Room hi found.
2024-01-13 16:27:59,683 - INFO - User hi login.
2024-01-13 16:28:03,212 - INFO - User a login.
2024-01-13 16:28:04,516 - INFO - Room hi found.
2024-01-13 16:28:08,083 - INFO - Server started, listening on port 10001.
2024-01-13 16:28:08,084 - INFO - Press CTRL+C to stop.
2024-01-13 16:28:12,209 - INFO - User a login.
2024-01-13 16:28:13,054 - INFO - Room hi created by.
2024-01-13 16:28:13,054 - INFO - Room hi found.
2024-01-13 17:06:18,121 - INFO - Server started, listening on port 10001.
2024-01-13 17:06:18,121 - INFO - Press CTRL+C to stop.
2024-01-13 17:06:30,317 - INFO - Server started, listening on port 10001.
2024-01-13 17:06:30,317 - INFO - Press CTRL+C to stop.
2024-01-13 17:06:31,863 - INFO - Server started, listening on port 10001.
2024-01-13 17:06:31,863 - INFO - Press CTRL+C to stop.
2024-01-13 17:06:39,155 - INFO - User a login.
2024-01-13 17:06:40,600 - INFO - Room hi created by.
2024-01-13 17:06:40,601 - INFO - Room hi found.
2024-01-13 17:06:55,251 - INFO - User b login.
2024-01-13 17:06:57,194 - INFO - Room hi found.
2024-01-13 17:13:04,881 - INFO - Server started, listening on port 10001.
2024-01-13 17:13:04,882 - INFO - Press CTRL+C to stop.
2024-01-13 17:13:08,620 - INFO - Server started, listening on port 10001.
2024-01-13 17:13:08,620 - INFO - Press CTRL+C to stop.
2024-01-13 17:13:16,520 - INFO - User a login.
2024-01-13 17:13:18,249 - INFO - Room hi created by.
2024-01-13 17:13:18,249 - INFO - Room hi found.
2024-01-13 17:13:48,298 - INFO - User a login.
2024-01-13 17:13:50,114 - INFO - Room hi found.
2024-01-13 17:13:52,579 - INFO - Server started, listening on port 10001.
2024-01-13 17:13:52,579 - INFO - Press CTRL+C to stop.
2024-01-13 17:13:57,073 - INFO - User a login.
2024-01-13 17:13:58,018 - INFO - Room hi created by.
2024-01-13 17:13:58,018 - INFO - Room hi found.
2024-01-13 17:14:45,233 - INFO - Server started, listening on port 10001.
2024-01-13 17:14:45,233 - INFO - Press CTRL+C to stop.
2024-01-13 17:14:47,860 - INFO - User a login.
2024-01-13 17:14:49,220 - INFO - Room hi created by.
2024-01-13 17:14:49,220 - INFO - Room hi found.
2024-01-13 17:16:04,426 - INFO - Server started, listening on port 10001.
2024-01-13 17:16:04,426 - INFO - Press CTRL+C to stop.
2024-01-13 17:16:10,596 - INFO - User a login.
2024-01-13 17:16:12,251 - INFO - Room hi created by.
2024-01-13 17:16:12,251 - INFO - Room hi found.
2024-01-13 17:16:59,765 - INFO - User a login.
2024-01-13 17:17:00,796 - INFO - Room hi found.
2024-01-13 17:17:03,174 - INFO - Server started, listening on port 10001.
2024-01-13 17:17:03,174 - INFO - Press CTRL+C to stop.
2024-01-13 17:17:05,510 - INFO - User a login.
2024-01-13 17:17:06,337 - INFO - Room hi created by.
2024-01-13 17:17:06,338 - INFO - Room hi found.
2024-01-13 17:17:34,726 - INFO - Server started, listening on port 10001.
2024-01-13 17:17:34,726 - INFO - Press CTRL+C to stop.
2024-01-13 17:17:36,352 - INFO - User a login.
2024-01-13 17:17:37,928 - INFO - Room hi created by.
2024-01-13 17:17:37,928 - INFO - Room hi found.
2024-01-13 17:18:21,391 - INFO - Room hi dismiss.
2024-01-13 17:18:24,110 - INFO - Room hi created by.
2024-01-13 17:18:24,110 - INFO - Room hi found.
2024-01-13 17:18:35,498 - INFO - User b login.
2024-01-13 17:18:36,852 - INFO - Room hi found.
2024-01-13 17:23:59,242 - INFO - Server started, listening on port 10001.
2024-01-13 17:23:59,243 - INFO - Press CTRL+C to stop.
2024-01-13 17:24:03,908 - INFO - User a login.
2024-01-13 17:24:09,414 - INFO - User b login.
2024-01-13 17:24:53,722 - INFO - Server started, listening on port 10001.
2024-01-13 17:24:53,722 - INFO - Press CTRL+C to stop.
2024-01-13 17:24:57,348 - INFO - User a login.
2024-01-13 17:24:58,231 - INFO - User b login.
2024-01-13 17:25:31,948 - INFO - Server started, listening on port 10001.
2024-01-13 17:25:31,948 - INFO - Press CTRL+C to stop.
2024-01-13 17:25:35,522 - INFO - Server started, listening on port 10001.
2024-01-13 17:25:35,522 - INFO - Press CTRL+C to stop.
2024-01-13 17:25:51,596 - INFO - User a login.
2024-01-13 17:25:59,166 - INFO - User b login.
2024-01-13 17:29:00,654 - INFO - Server started, listening on port 10001.
2024-01-13 17:29:00,655 - INFO - Press CTRL+C to stop.
2024-01-13 17:29:14,806 - INFO - User b login.
2024-01-13 17:29:17,318 - INFO - User a login.
2024-01-13 17:31:56,857 - INFO - Server started, listening on port 10001.
2024-01-13 17:31:56,858 - INFO - Press CTRL+C to stop.
2024-01-13 17:32:01,396 - INFO - User a login.
2024-01-13 17:32:02,591 - INFO - Room hi created by.
2024-01-13 17:32:02,593 - INFO - Room hi found.
2024-01-13 17:35:28,631 - INFO - Room hi dismiss.
2024-01-13 17:35:32,313 - INFO - Server started, listening on port 10001.
2024-01-13 17:35:32,313 - INFO - Press CTRL+C to stop.
2024-01-13 17:38:26,130 - INFO - Server started, listening on port 10001.
2024-01-13 17:38:26,130 - INFO - Press CTRL+C to stop.
2024-01-13 17:38:31,157 - INFO - User a login.
2024-01-13 17:38:34,483 - INFO - User b login.
2024-01-13 17:44:37,029 - INFO - Server started, listening on port 10001.
2024-01-13 17:44:37,029 - INFO - Press CTRL+C to stop.
2024-01-13 17:44:39,257 - INFO - User a login.
2024-01-13 17:44:45,689 - INFO - User b login.
2024-01-13 17:45:10,226 - INFO - Server started, listening on port 10001.
2024-01-13 17:45:10,227 - INFO - Press CTRL+C to stop.
2024-01-13 17:45:15,028 - INFO - User a login.
2024-01-13 17:45:16,295 - INFO - User b login.
2024-01-13 17:47:50,962 - INFO - Server started, listening on port 10001.
2024-01-13 17:47:50,962 - INFO - Press CTRL+C to stop.
2024-01-13 17:47:55,400 - INFO - User a login.
2024-01-13 17:47:56,442 - INFO - User b login.
2024-01-13 17:49:29,633 - INFO - Server started, listening on port 10001.
2024-01-13 17:49:29,634 - INFO - Press CTRL+C to stop.
2024-01-13 17:49:39,420 - INFO - User a login.
2024-01-13 17:49:45,509 - INFO - User b login.
2024-01-13 17:52:31,199 - INFO - User a login.
2024-01-13 17:52:32,518 - INFO - User b login.
2024-01-13 18:00:29,582 - INFO - User a login.
2024-01-13 18:00:30,913 - INFO - User b login.
2024-01-13 18:02:23,807 - INFO - Server started, listening on port 10001.
2024-01-13 18:02:23,808 - INFO - Press CTRL+C to stop.
2024-01-13 18:02:25,119 - INFO - User a login.
2024-01-13 18:02:27,470 - INFO - User b login.
2024-01-13 18:06:58,150 - INFO - Server started, listening on port 10001.
2024-01-13 18:06:58,151 - INFO - Press CTRL+C to stop.
2024-01-13 18:07:10,942 - INFO - User a login.
2024-01-13 18:07:11,952 - INFO - User b login.
2024-01-13 18:09:10,081 - INFO - Server started, listening on port 10001.
2024-01-13 18:09:10,081 - INFO - Press CTRL+C to stop.
2024-01-13 18:09:15,670 - INFO - User a login.
2024-01-13 18:09:19,374 - INFO - User b login.
2024-01-13 18:17:23,912 - INFO - Server started, listening on port 10001.
2024-01-13 18:17:23,912 - INFO - Press CTRL+C to stop.
2024-01-13 18:17:27,120 - INFO - User a login.
2024-01-13 18:17:29,589 - INFO - User b login.
2024-01-13 18:19:18,612 - INFO - Server started, listening on port 10001.
2024-01-13 18:19:18,612 - INFO - Press CTRL+C to stop.
2024-01-13 18:19:22,815 - INFO - User a login.
2024-01-13 18:19:25,216 - INFO - User b login.
2024-01-13 18:27:23,885 - INFO - Server started, listening on port 10001.
2024-01-13 18:27:23,885 - INFO - Press CTRL+C to stop.
2024-01-13 18:27:28,227 - INFO - User a login.
2024-01-13 18:27:29,343 - INFO - User b login.
2024-01-13 18:30:48,681 - INFO - Server started, listening on port 10001.
2024-01-13 18:30:48,681 - INFO - Press CTRL+C to stop.
2024-01-13 18:30:52,764 - INFO - User a login.
2024-01-13 18:30:54,872 - INFO - Room hi created by.
2024-01-13 18:30:54,872 - INFO - Room hi found.
2024-01-13 18:31:16,233 - INFO - User b login.
2024-01-13 18:31:19,416 - INFO - Room hi found.
2024-01-13 18:32:12,857 - INFO - Room hi dismiss.
2024-01-13 18:41:46,913 - INFO - Server started, listening on port 10001.
2024-01-13 18:41:46,914 - INFO - Press CTRL+C to stop.
2024-01-13 18:41:49,272 - INFO - User a login.
2024-01-13 18:41:52,223 - INFO - User b login.
2024-01-13 18:42:48,831 - INFO - Server started, listening on port 10001.
2024-01-13 18:42:48,831 - INFO - Press CTRL+C to stop.
2024-01-13 18:42:58,841 - INFO - User a login.
2024-01-13 18:43:02,733 - INFO - User b login.
2024-01-13 18:43:59,614 - INFO - User b login.
2024-01-13 18:49:23,161 - INFO - Room testroom created by.
2024-01-13 18:49:23,161 - INFO - Room testroom found.
2024-01-13 18:49:38,602 - INFO - Room testroom found.
2024-01-13 18:50:33,912 - INFO - User c login.
2024-01-13 18:50:39,402 - INFO - Room testroom found.
2024-01-13 18:50:49,120 - INFO - Room testroom found.
2024-01-13 18:51:20,467 - INFO - Room c found.
2024-01-13 19:00:02,420 - INFO - Server started, listening on port 10001.
2024-01-13 19:00:02,421 - INFO - Press CTRL+C to stop.
2024-01-13 19:00:28,692 - INFO - User a login.
2024-01-13 19:00:31,301 - INFO - User b login.
2024-01-13 19:00:38,623 - INFO - User c login.
2024-01-13 19:01:18,132 - INFO - Room testroom created by.
2024-01-13 19:01:18,132 - INFO - Room testroom found.
2024-01-13 19:01:21,586 - INFO - Room testroom found.
2024-01-13 19:01:25,517 - INFO - Room testroom found.
2024-01-13 21:24:08,175 - INFO - User d login.
2024-01-13 21:24:13,364 - INFO - Room testroom found.
2024-01-13 21:24:23,154 - INFO - User e login.
2024-01-13 21:24:26,119 - INFO - Room testroom found.
2024-01-13 21:24:39,023 - INFO - User f login.
2024-01-13 21:24:41,886 - INFO - Room testroom found.
2024-01-13 21:24:53,284 - INFO - User g login.
2024-01-13 21:24:56,222 - INFO - Room testroom found.
2024-01-13 21:25:08,905 - INFO - User h login.
2024-01-13 21:25:11,922 - INFO - Room testroom found.
2024-01-13 21:25:33,229 - INFO - User i login.
2024-01-13 21:25:36,023 - INFO - Room testroom found.
2024-01-13 21:25:45,385 - INFO - User j login.
2024-01-13 21:25:47,931 - INFO - Room testroom found.
2024-01-13 21:25:56,938 - INFO - User k login.
2024-01-13 21:25:59,760 - INFO - Room testroom found.
2024-01-13 21:26:07,745 - INFO - User l login.
2024-01-13 21:26:09,837 - INFO - Room testroom found.
2024-01-13 21:26:17,227 - INFO - User m login.
2024-01-13 21:26:19,394 - INFO - Room testroom found.
2024-01-13 21:26:28,134 - INFO - User n login.
2024-01-13 21:26:30,841 - INFO - Room testroom found.
2024-01-13 21:26:38,784 - INFO - User o login.
2024-01-13 21:26:41,775 - INFO - Room testroom found.
2024-01-13 21:26:47,623 - INFO - User 1 login.
2024-01-13 21:26:53,255 - INFO - Room testroom found.
2024-01-13 21:27:02,132 - INFO - User p login.
2024-01-13 21:27:05,350 - INFO - Room testroom found.
2024-01-13 21:27:13,385 - INFO - User q login.
2024-01-13 21:27:15,598 - INFO - Room testroom found.
2024-01-13 21:27:21,417 - INFO - User r login.
2024-01-13 21:27:24,192 - INFO - Room testroom found.
2024-01-13 21:27:35,692 - INFO - User s login.
2024-01-13 21:27:38,398 - INFO - Room testroom found.
2024-01-13 21:27:50,807 - INFO - User t login.
2024-01-13 21:27:52,796 - INFO - Room testroom found.
2024-01-13 21:27:58,374 - INFO - User u login.
2024-01-13 21:28:00,179 - INFO - Room testroom found.
2024-01-13 21:28:05,260 - INFO - User v login.
2024-01-13 21:28:07,566 - INFO - Room testroom found.
2024-01-13 21:28:15,969 - INFO - User w login.
2024-01-13 21:28:18,227 - INFO - Room testroom found.
2024-01-13 21:28:26,032 - INFO - User x login.
2024-01-13 21:28:27,964 - INFO - Room testroom found.
2024-01-13 21:28:32,310 - INFO - User y login.
2024-01-13 21:28:34,278 - INFO - Room testroom found.
2024-01-13 21:28:41,147 - INFO - User z login.
2024-01-13 21:28:43,308 - INFO - Room testroom found.
2024-01-13 21:28:48,741 - INFO - User 2 login.
2024-01-13 21:28:52,515 - INFO - Room testroom found.
2024-01-13 21:28:59,142 - INFO - User 3 login.
2024-01-13 21:29:01,395 - INFO - Room testroom found.
2024-01-13 21:35:49,955 - INFO - Server started, listening on port 10001.
2024-01-13 21:35:49,955 - INFO - Press CTRL+C to stop.
2024-01-13 21:36:13,655 - INFO - User a login.
2024-01-13 21:36:15,122 - INFO - User b login.
2024-01-13 21:36:16,613 - INFO - User c login.
2024-01-13 21:36:22,444 - INFO - Room testroom created by.
2024-01-13 21:36:22,451 - INFO - Room testroom found.
2024-01-13 21:36:25,515 - INFO - Room testroom found.
2024-01-13 21:36:28,135 - INFO - Room testroom found.
2024-01-13 21:38:33,740 - INFO - Room testroom dismiss.
2024-01-13 21:39:42,468 - INFO - Server started, listening on port 10001.
2024-01-13 21:39:42,468 - INFO - Press CTRL+C to stop.
2024-01-13 21:39:48,978 - INFO - User a login.
2024-01-13 21:39:54,066 - INFO - Room testroom created by.
2024-01-13 21:39:54,077 - INFO - Room testroom found.
2024-01-13 21:39:56,421 - INFO - User b login.
2024-01-13 21:39:58,820 - INFO - Room testroom found.
2024-01-13 21:40:00,153 - INFO - User 3 login.
2024-01-13 21:40:04,229 - INFO - User c login.
2024-01-13 21:40:06,187 - INFO - Room testroom found.
2024-01-13 21:46:07,287 - INFO - Server started, listening on port 10001.
2024-01-13 21:46:07,287 - INFO - Press CTRL+C to stop.
2024-01-13 21:46:15,513 - INFO - User a login.
2024-01-13 21:46:18,088 - INFO - User b login.
2024-01-13 21:48:30,071 - INFO - Server started, listening on port 10001.
2024-01-13 21:48:30,072 - INFO - Press CTRL+C to stop.
2024-01-13 21:48:34,369 - INFO - User a login.
2024-01-13 21:48:42,423 - INFO - User b login.
2024-01-13 21:51:18,164 - INFO - User a login.
2024-01-13 21:51:21,269 - INFO - User b login.
2024-01-13 21:51:27,234 - INFO - User b login.
2024-01-13 22:11:25,736 - INFO - User a login.
2024-01-13 22:11:27,621 - INFO - User b login.
2024-01-13 22:11:35,713 - INFO - User a logoff.
2024-01-13 22:12:42,148 - INFO - User b logoff.
2024-01-13 22:12:43,885 - INFO - User a login.
2024-01-13 22:12:45,192 - INFO - User b login.
2024-01-13 22:13:39,975 - INFO - Server started, listening on port 10001.
2024-01-13 22:13:39,975 - INFO - Press CTRL+C to stop.
2024-01-13 22:13:44,524 - INFO - User a login.
2024-01-13 22:13:45,504 - INFO - User b login.
2024-01-13 22:15:55,846 - INFO - User a logoff.
2024-01-13 22:15:56,231 - INFO - User b logoff.
2024-01-13 22:19:27,245 - INFO - User c login.
2024-01-13 22:19:28,195 - INFO - User d login.
2024-01-13 22:19:29,285 - INFO - User e login.
2024-01-13 22:19:36,537 - INFO - Room testroom created by.
2024-01-13 22:19:36,537 - INFO - Room testroom found.
2024-01-13 22:19:39,019 - INFO - Room testroom found.
2024-01-13 22:19:42,494 - INFO - Room testroom found.
2024-01-13 22:25:00,993 - INFO - User c logoff.
2024-01-13 22:25:01,358 - INFO - User d logoff.
2024-01-13 22:25:01,783 - INFO - User e logoff.
2024-01-13 22:25:57,309 - INFO - Server started, listening on port 10001.
2024-01-13 22:25:57,310 - INFO - Press CTRL+C to stop.
2024-01-13 22:26:04,728 - INFO - User a login.
2024-01-13 22:26:06,020 - INFO - User b login.
2024-01-13 22:26:15,014 - INFO - Room testroom2 created by.
2024-01-13 22:26:15,014 - INFO - Room testroom2 found.
2024-01-13 22:26:18,821 - INFO - Room testroom created by.
2024-01-13 22:26:18,821 - INFO - Room testroom found.
2024-01-13 22:26:20,067 - INFO - User b logoff.
2024-01-13 22:26:20,408 - INFO - User a logoff.
2024-01-13 22:38:34,395 - INFO - Server started, listening on port 10001.
2024-01-13 22:38:34,395 - INFO - Press CTRL+C to stop.
2024-01-13 22:38:43,772 - INFO - User a login.
2024-01-13 22:38:45,203 - INFO - User b login.
2024-01-13 22:46:47,875 - INFO - User a logoff.
2024-01-13 22:46:48,303 - INFO - User b logoff.
2024-01-13 22:47:33,762 - INFO - Server started, listening on port 10001.
2024-01-13 22:47:33,762 - INFO - Press CTRL+C to stop.
2024-01-13 22:47:53,919 - INFO - User a login.
2024-01-13 22:48:15,872 - INFO - User b login.
2024-01-13 22:48:17,131 - INFO - User c login.
2024-01-13 22:48:22,246 - INFO - Room testroom created by.
2024-01-13 22:48:22,246 - INFO - Room testroom found.
2024-01-13 22:48:25,145 - INFO - Room testroom found.
2024-01-13 22:48:27,620 - INFO - Room testroom found.
2024-01-13 22:51:03,980 - INFO - User c logoff.
2024-01-13 22:51:07,213 - INFO - User a logoff.
2024-01-13 22:51:25,438 - INFO - User a login.
2024-01-13 22:51:27,446 - INFO - Room testroom found.
2024-01-13 22:51:27,459 - INFO - User a logoff.
2024-01-13 22:52:13,684 - INFO - User a login.
2024-01-13 22:52:15,564 - INFO - Room testroom found.
2024-01-13 22:54:05,698 - INFO - User a login.
2024-01-13 22:54:08,164 - INFO - Room testroom found.
2024-01-13 22:54:40,960 - INFO - Server started, listening on port 10001.
2024-01-13 22:54:40,960 - INFO - Press CTRL+C to stop.
2024-01-13 22:54:49,545 - INFO - User a login.
2024-01-13 22:54:50,691 - INFO - User b login.
2024-01-13 22:54:51,638 - INFO - User c login.
2024-01-13 22:54:54,600 - INFO - Room testroom created by.
2024-01-13 22:54:54,600 - INFO - Room testroom found.
2024-01-13 22:57:48,334 - INFO - Room testroom found.
2024-01-13 22:57:50,793 - INFO - Room testroom found.
2024-01-13 23:02:53,749 - INFO - Server started, listening on port 10001.
2024-01-13 23:02:53,749 - INFO - Press CTRL+C to stop.
2024-01-13 23:03:03,492 - INFO - User a login.
2024-01-13 23:03:05,193 - INFO - Room testroom created by.
2024-01-13 23:03:05,193 - INFO - Room testroom found.
2024-01-13 23:03:14,434 - INFO - Room testroom dismiss.
2024-01-13 23:03:28,203 - INFO - User b login.
